Tue Mar 29 2016 21:07:14 GMT-0500 (CDT):
{ [Error: No token or management certificate, cannot create credentials]
  stack: [Getter/Setter],
  __frame: 
   { name: 'lookupSiteWebSpace__19',
     line: 846,
     file: '/usr/local/azure/lib/commands/asm/websites/websitesclient.js',
     prev: 
      { name: 'lookupSiteNameAndWebSpace__20',
        line: 871,
        file: '/usr/local/azure/lib/commands/asm/websites/websitesclient.js',
        prev: [Object],
        active: false,
        offset: 12,
        col: 4 },
     active: false,
     offset: 12,
     col: 16 },
  rawStack: [Getter] }
Error: No token or management certificate, cannot create credentials
    at Subscription._.extend._createCredentials (/usr/local/azure/lib/util/profile/subscription.js:184:11)
    at Subscription._.extend.createClient (/usr/local/azure/lib/util/profile/subscription.js:122:46)
    at Subscription.<anonymous> (/usr/local/azure/lib/util/utils.js:873:23)
    at Subscription.<anonymous> (/usr/local/azure/lib/util/utils.js:875:22)
    at Subscription.createClient (/usr/local/azure/lib/util/utils.js:875:22)
    at Object.exports._createService (/usr/local/azure/lib/util/utils.js:72:23)
    at Object.exports._createWebsiteClient (/usr/local/azure/lib/util/utils.js:76:18)
    at WebsitesClient.__.extend.createWebsiteManagementService (/usr/local/azure/lib/commands/asm/websites/websitesclient.js:260:18)
    at getSites__7 (/usr/local/azure/lib/commands/asm/websites/websitesclient.js:444:22)
    at lookupSiteWebSpace__19 (/usr/local/azure/lib/commands/asm/websites/websitesclient.js:858:16)
    at lookupSiteNameAndWebSpace__20 (/usr/local/azure/lib/commands/asm/websites/websitesclient.js:883:4)
    at siteAppsettings_listCommand__1 (/usr/local/azure/lib/commands/asm/site.appsetting.js:43:6)

